<?xml version="1.0" encoding="UTF-8"?>
<!-- Generated by org.testng.reporters.JUnitReportReporter -->
<testsuite skipped="0" hostname="DESKTOP-S92EEMG" name="org.programtask.WikiScreenEx1" tests="1" failures="0" timestamp="2022-07-23T23:26:29 IST" time="39.464" errors="0">
  <testcase name="methodWiki" time="39.464" classname="org.programtask.WikiScreenEx1"/>
  <system-out/>
</testsuite> <!-- org.programtask.WikiScreenEx1 -->
