<?xml version="1.0" encoding="UTF-8"?>
<!-- Generated by org.testng.reporters.JUnitReportReporter -->
<testsuite skipped="0" hostname="DESKTOP-S92EEMG" name="org.testcases.Wikitestcase" tests="1" failures="0" timestamp="2022-07-24T17:56:47 IST" time="58.648" errors="0">
  <testcase name="OpenPushpaPageDetails" time="58.648" classname="org.testcases.Wikitestcase"/>
  <system-out/>
</testsuite> <!-- org.testcases.Wikitestcase -->
