<?xml version="1.0" encoding="UTF-8"?>
<!-- Generated by org.testng.reporters.JUnitReportReporter -->
<testsuite skipped="0" hostname="DESKTOP-S92EEMG" name="org.testcases.Imdbtestcases" tests="1" failures="0" timestamp="2022-07-24T17:56:47 IST" time="56.829" errors="0">
  <testcase name="openPushpaPageDetails" time="56.829" classname="org.testcases.Imdbtestcases"/>
  <system-out/>
</testsuite> <!-- org.testcases.Imdbtestcases -->
